<?xml version="1.0" encoding="UTF-8"?>
<testsuite xmlns:xsi="http://www.w3.org/2001/XMLSchema-instance" xsi:noNamespaceSchemaLocation="https://maven.apache.org/surefire/maven-surefire-plugin/xsd/surefire-test-report.xsd" name="runners.TestRunner" time="121.24" tests="89" errors="0" skipped="0" failures="0">
  <properties>
[...]
</properties>
  <testcase name="Given I launch https://account.bbc.com/signin" classname="Scenario: Verify that the visitor is over 13" time="0.002"/>
  <testcase name="Given I launch https://account.bbc.com/signin" classname="Scenario: Verify that the visitor is over 13" time="0"/>
  <testcase name="And I click &quot;Register&quot; now" classname="Scenario: Verify that the visitor is over 13" time="0"/>
  <testcase name="And I click &quot;Register&quot; now" classname="Scenario: Verify that the visitor is over 13" time="0"/>
  <testcase name="And I&apos;m on the starting page for registration" classname="Scenario: Verify that the visitor is over 13" time="0"/>
  <testcase name="And I&apos;m on the starting page for registration" classname="Scenario: Verify that the visitor is over 13" time="0"/>
  <testcase name="When I click on &quot;13 or over&quot; button" classname="Scenario: Verify that the visitor is over 13" time="0.001"/>
  <testcase name="Then I will go to the &quot;Date of Birth&quot; registration" classname="Scenario: Verify that the visitor is over 13" time="0"/>
  <testcase name="Scenario: Verify that the visitor is over 13" classname="Scenario: Verify that the visitor is over 13" time="0.075"/>
  <testcase name="Scenario: Verify that the visitor is over 13" classname="Scenario: Verify that the visitor is over 13" time="0.084"/>
  <testcase name="Given I launch https://account.bbc.com/signin" classname="Scenario: Verify that the visitor is under 13" time="0"/>
  <testcase name="And I click &quot;Register&quot; now" classname="Scenario: Verify that the visitor is under 13" time="0.001"/>
  <testcase name="And I&apos;m on the starting page for registration" classname="Scenario: Verify that the visitor is under 13" time="0"/>
  <testcase name="Given I&apos;m on the starting page for registration" classname="Scenario: Verify that the visitor is under 13" time="0"/>
  <testcase name="When I click on &quot;under 13&quot; button" classname="Scenario: Verify that the visitor is under 13" time="0"/>
  <testcase name="Then I will receive the following message: &quot;Sorry, you can’t register the child because you’re outside the UK&quot;" classname="Scenario: Verify that the visitor is under 13" time="0"/>
  <testcase name="Scenario: Verify that the visitor is under 13" classname="Scenario: Verify that the visitor is under 13" time="0.073"/>
  <testcase name="Given I launch https://account.bbc.com/signin" classname="Scenario: Verify that the visitor can&apos;t use empty fields to progress further" time="0"/>
  <testcase name="And I click &quot;Register&quot; now" classname="Scenario: Verify that the visitor can&apos;t use empty fields to progress further" time="0"/>
  <testcase name="And I&apos;m on the starting page for registration" classname="Scenario: Verify that the visitor can&apos;t use empty fields to progress further" time="0"/>
  <testcase name="Given I&apos;m on the date of birth registration page" classname="Scenario: Verify that the visitor can&apos;t use empty fields to progress further" time="0"/>
  <testcase name="When The field Day is empty" classname="Scenario: Verify that the visitor can&apos;t use empty fields to progress further" time="0"/>
  <testcase name="And The field Month is empty" classname="Scenario: Verify that the visitor can&apos;t use empty fields to progress further" time="0"/>
  <testcase name="And The field Year is empty" classname="Scenario: Verify that the visitor can&apos;t use empty fields to progress further" time="0.001"/>
  <testcase name="Then When I leave the year field I should receive the following message: &quot;Oops, that date doesn&apos;t look right. Make sure it&apos;s a real date written as DD-MM-YYYY e.g. the 5th of June 2009 is 05-06-2009.&quot;" classname="Scenario: Verify that the visitor can&apos;t use empty fields to progress further" time="0"/>
  <testcase name="Scenario: Verify that the visitor can&apos;t use empty fields to progress further" classname="Scenario: Verify that the visitor can&apos;t use empty fields to progress further" time="0.167"/>
  <testcase name="Given I launch https://account.bbc.com/signin" classname="Scenario: Verify that the visitor can&apos;t be under 13" time="0.002"/>
  <testcase name="And I click &quot;Register&quot; now" classname="Scenario: Verify that the visitor can&apos;t be under 13" time="0"/>
  <testcase name="And I&apos;m on the starting page for registration" classname="Scenario: Verify that the visitor can&apos;t be under 13" time="0"/>
  <testcase name="Given I&apos;m on the date of birth registration page" classname="Scenario: Verify that the visitor can&apos;t be under 13" time="0"/>
  <testcase name="When The field Day is 03" classname="Scenario: Verify that the visitor can&apos;t be under 13" time="0"/>
  <testcase name="And The field Month is 02" classname="Scenario: Verify that the visitor can&apos;t be under 13" time="0"/>
  <testcase name="And The field Year is 2010" classname="Scenario: Verify that the visitor can&apos;t be under 13" time="0"/>
  <testcase name="And Click the &quot;Continue&quot; button" classname="Scenario: Verify that the visitor can&apos;t be under 13" time="0"/>
  <testcase name="Then When I click I should receive the following message: &quot;Sorry, you need to be 13 or over.&quot;" classname="Scenario: Verify that the visitor can&apos;t be under 13" time="0"/>
  <testcase name="Scenario: Verify that the visitor can&apos;t be under 13" classname="Scenario: Verify that the visitor can&apos;t be under 13" time="0.175"/>
  <testcase name="Given I&apos;m on the date of birth registration page" classname="Scenario: Verify that the visitor is over 13" time="0"/>
  <testcase name="When The field Day is 03" classname="Scenario: Verify that the visitor is over 13" time="0"/>
  <testcase name="And The field Month is 02" classname="Scenario: Verify that the visitor is over 13" time="0"/>
  <testcase name="And The field Year is 1990" classname="Scenario: Verify that the visitor is over 13" time="0"/>
  <testcase name="And Click the &quot;Continue&quot; button" classname="Scenario: Verify that the visitor is over 13" time="0"/>
  <testcase name="Then When I click I should go to the email registration page" classname="Scenario: Verify that the visitor is over 13" time="0"/>
  <testcase name="Given I launch https://account.bbc.com/signin" classname="Scenario: validate if a correct email is used" time="0"/>
  <testcase name="Given I launch https://account.bbc.com/signin" classname="Scenario: validate if a correct email is used" time="0"/>
  <testcase name="And I click &quot;Register&quot; now" classname="Scenario: validate if a correct email is used" time="0"/>
  <testcase name="And I click &quot;Register&quot; now" classname="Scenario: validate if a correct email is used" time="0"/>
  <testcase name="And I&apos;m on the starting page for registration" classname="Scenario: validate if a correct email is used" time="0"/>
  <testcase name="And I&apos;m on the starting page for registration" classname="Scenario: validate if a correct email is used" time="0"/>
  <testcase name="Given I&apos;m on the registration page for e-mail and password" classname="Scenario: validate if a correct email is used" time="0"/>
  <testcase name="Given I&apos;m on the registration page for e-mail and password" classname="Scenario: validate if a correct email is used" time="0.001"/>
  <testcase name="When The field e-mail is filled in by &quot;whoknows@hotmailcom&quot;" classname="Scenario: validate if a correct email is used" time="0"/>
  <testcase name="And Go to password field" classname="Scenario: validate if a correct email is used" time="0"/>
  <testcase name="And Go to password field" classname="Scenario: validate if a correct email is used" time="0"/>
  <testcase name="Then I&apos;ll receive the message: &quot;Sorry, that doesn&apos;t look right. Please check it&apos;s a proper email.&quot;" classname="Scenario: validate if a correct email is used" time="0"/>
  <testcase name="Scenario: validate if a correct email is used" classname="Scenario: validate if a correct email is used" time="0.085"/>
  <testcase name="Scenario: validate if a correct email is used" classname="Scenario: validate if a correct email is used" time="0.181"/>
  <testcase name="When The field e-mail is filled in by &quot;whoknows@hotmail.com&quot;" classname="Scenario: validate if a correct email is used" time="0"/>
  <testcase name="Then I should not receive an error" classname="Scenario: validate if a correct email is used" time="0"/>
  <testcase name="Given I launch https://account.bbc.com/signin" classname="Scenario: validate if a password of 7 or less characters is able to be used." time="0"/>
  <testcase name="And I click &quot;Register&quot; now" classname="Scenario: validate if a password of 7 or less characters is able to be used." time="0"/>
  <testcase name="And I&apos;m on the starting page for registration" classname="Scenario: validate if a password of 7 or less characters is able to be used." time="0"/>
  <testcase name="Given I&apos;m on the registration page for e-mail and password" classname="Scenario: validate if a password of 7 or less characters is able to be used." time="0"/>
  <testcase name="When The field e-mail is filled in by &quot;whoknows@hotmail.com&quot;" classname="Scenario: validate if a password of 7 or less characters is able to be used." time="0"/>
  <testcase name="And Go to password field" classname="Scenario: validate if a password of 7 or less characters is able to be used." time="0"/>
  <testcase name="And The field password is filled in with: &quot;Whokno3&quot;" classname="Scenario: validate if a password of 7 or less characters is able to be used." time="0"/>
  <testcase name="Then I should receive the error: &quot;Sorry, that password is too short. It needs to be eight characters or more.&quot;" classname="Scenario: validate if a password of 7 or less characters is able to be used." time="0"/>
  <testcase name="Scenario: validate if a password of 7 or less characters is able to be used." classname="Scenario: validate if a password of 7 or less characters is able to be used." time="0.165"/>
  <testcase name="Given I launch https://account.bbc.com/signin" classname="Scenario: validate if a password without numbers is able to be used." time="0"/>
  <testcase name="And I click &quot;Register&quot; now" classname="Scenario: validate if a password without numbers is able to be used." time="0"/>
  <testcase name="And I&apos;m on the starting page for registration" classname="Scenario: validate if a password without numbers is able to be used." time="0"/>
  <testcase name="Given I&apos;m on the registration page for e-mail and password" classname="Scenario: validate if a password without numbers is able to be used." time="0"/>
  <testcase name="When The field e-mail is filled in by &quot;whoknows@hotmail.com&quot;" classname="Scenario: validate if a password without numbers is able to be used." time="0"/>
  <testcase name="And Go to password field" classname="Scenario: validate if a password without numbers is able to be used." time="0"/>
  <testcase name="And The field password is filled in with: &quot;Whoknows&quot;" classname="Scenario: validate if a password without numbers is able to be used." time="0"/>
  <testcase name="Then I should receive the error: &quot;Sorry, that password isn&apos;t valid. Please include something that isn&apos;t a letter.&quot;" classname="Scenario: validate if a password without numbers is able to be used." time="0"/>
  <testcase name="Scenario: validate if a password without numbers is able to be used." classname="Scenario: validate if a password without numbers is able to be used." time="0.075"/>
  <testcase name="Given I launch https://account.bbc.com/signin" classname="Scenario: validate if a password without letters is able to be used." time="0"/>
  <testcase name="And I click &quot;Register&quot; now" classname="Scenario: validate if a password without letters is able to be used." time="0"/>
  <testcase name="And I&apos;m on the starting page for registration" classname="Scenario: validate if a password without letters is able to be used." time="0"/>
  <testcase name="Given I&apos;m on the registration page for e-mail and password" classname="Scenario: validate if a password without letters is able to be used." time="0.005"/>
  <testcase name="When The field e-mail is filled in by &quot;whoknows@hotmail.com&quot;" classname="Scenario: validate if a password without letters is able to be used." time="0"/>
  <testcase name="And Go to password field" classname="Scenario: validate if a password without letters is able to be used." time="0"/>
  <testcase name="And The field password is filled in with: &quot;@345678!&quot;" classname="Scenario: validate if a password without letters is able to be used." time="0.001"/>
  <testcase name="Then I should receive the error: &quot;Sorry, that password isn&apos;t valid. Please include a letter.&quot;" classname="Scenario: validate if a password without letters is able to be used." time="0.001"/>
  <testcase name="Scenario: validate if a password without letters is able to be used." classname="Scenario: validate if a password without letters is able to be used." time="0.161"/>
  <testcase name="Given I launch https://account.bbc.com/signin" classname="Scenario: Verify that the visitor can go the subscribe page" time="0"/>
  <testcase name="When I click &quot;Register&quot; now" classname="Scenario: Verify that the visitor can go the subscribe page" time="0"/>
  <testcase name="Then I&apos;m on the starting page for registration" classname="Scenario: Verify that the visitor can go the subscribe page" time="0"/>
  <testcase name="Scenario: Verify that the visitor can go the subscribe page" classname="Scenario: Verify that the visitor can go the subscribe page" time="0.17"/>
</testsuite>